2025-04-04 12:43:22.530411 - Received SBGOLOB.CBT509.FILE614 from FILE614.XMI 
2025-04-04 12:43:22.532663 - Found $$$#DATE.txt (text/plain) in SBGOLOB.CBT509.FILE614, moved to PDS/$$$#DATE
2025-04-04 12:43:22.532812 - Found $RECVJOB.jcl (text/plain) in SBGOLOB.CBT509.FILE614, moved to PDS/$RECVJOB
2025-04-04 12:43:22.532957 - Found @FILE614.txt (text/plain) in SBGOLOB.CBT509.FILE614, moved to PDS/@FILE614
2025-04-04 12:43:22.533083 - Found ASMLA719.jcl (text/plain) in SBGOLOB.CBT509.FILE614, moved to PDS/ASMLA719
2025-04-04 12:43:22.533206 - Found ASMLB720.jcl (text/plain) in SBGOLOB.CBT509.FILE614, moved to PDS/ASMLB720
2025-04-04 12:43:22.533325 - Found ASMLC720.jcl (text/plain) in SBGOLOB.CBT509.FILE614, moved to PDS/ASMLC720
2025-04-04 12:43:22.533454 - Found ASMLD721.jcl (text/plain) in SBGOLOB.CBT509.FILE614, moved to PDS/ASMLD721
2025-04-04 12:43:22.533572 - Found ASMLE722.jcl (text/plain) in SBGOLOB.CBT509.FILE614, moved to PDS/ASMLE722
2025-04-04 12:43:22.533686 - Found ASMLF722.jcl (text/plain) in SBGOLOB.CBT509.FILE614, moved to PDS/ASMLF722
2025-04-04 12:43:22.533815 - Found ASMLF723.jcl (text/plain) in SBGOLOB.CBT509.FILE614, moved to PDS/ASMLF723
2025-04-04 12:43:22.533931 - Found ASMLG723.jcl (text/plain) in SBGOLOB.CBT509.FILE614, moved to PDS/ASMLG723
2025-04-04 12:43:22.534046 - Found ASMLH723.jcl (text/plain) in SBGOLOB.CBT509.FILE614, moved to PDS/ASMLH723
2025-04-04 12:43:22.534168 - Found ASMLH724.jcl (text/plain) in SBGOLOB.CBT509.FILE614, moved to PDS/ASMLH724
2025-04-04 12:43:22.534295 - Found ASMLH725.jcl (text/plain) in SBGOLOB.CBT509.FILE614, moved to PDS/ASMLH725
2025-04-04 12:43:22.534410 - Found ASMLH801.jcl (text/plain) in SBGOLOB.CBT509.FILE614, moved to PDS/ASMLH801
2025-04-04 12:43:22.534526 - Found ASMLI801.jcl (text/plain) in SBGOLOB.CBT509.FILE614, moved to PDS/ASMLI801
2025-04-04 12:43:22.534651 - Found ASMLI802.jcl (text/plain) in SBGOLOB.CBT509.FILE614, moved to PDS/ASMLI802
2025-04-04 12:43:22.534782 - Found ASMLI803.jcl (text/plain) in SBGOLOB.CBT509.FILE614, moved to PDS/ASMLI803
2025-04-04 12:43:22.534934 - Found ASMLJ803.jcl (text/plain) in SBGOLOB.CBT509.FILE614, moved to PDS/ASMLJ803
2025-04-04 12:43:22.535058 - Found ASMLK630.jcl (text/plain) in SBGOLOB.CBT509.FILE614, moved to PDS/ASMLK630
2025-04-04 12:43:22.535173 - Found ASMLK711.jcl (text/plain) in SBGOLOB.CBT509.FILE614, moved to PDS/ASMLK711
2025-04-04 12:43:22.535287 - Found ASMLK712.jcl (text/plain) in SBGOLOB.CBT509.FILE614, moved to PDS/ASMLK712
2025-04-04 12:43:22.535604 - Found ASMLK713.jcl (text/plain) in SBGOLOB.CBT509.FILE614, moved to PDS/ASMLK713
2025-04-04 12:43:22.535727 - Found ASMLK714.jcl (text/plain) in SBGOLOB.CBT509.FILE614, moved to PDS/ASMLK714
2025-04-04 12:43:22.535867 - Found ASMLK715.jcl (text/plain) in SBGOLOB.CBT509.FILE614, moved to PDS/ASMLK715
2025-04-04 12:43:22.535993 - Found ASMLK716.jcl (text/plain) in SBGOLOB.CBT509.FILE614, moved to PDS/ASMLK716
2025-04-04 12:43:22.536111 - Found ASML8717.jcl (text/plain) in SBGOLOB.CBT509.FILE614, moved to PDS/ASML8717
2025-04-04 12:43:22.536223 - Found ASML9717.jcl (text/plain) in SBGOLOB.CBT509.FILE614, moved to PDS/ASML9717
2025-04-04 12:43:22.536350 - Found ASML9718.jcl (text/plain) in SBGOLOB.CBT509.FILE614, moved to PDS/ASML9718
2025-04-04 12:43:22.536460 - Found ASML9719.jcl (text/plain) in SBGOLOB.CBT509.FILE614, moved to PDS/ASML9719
2025-04-04 12:43:22.536641 - Found SHOA719L.xmi (application/xmit) in SBGOLOB.CBT509.FILE614, moved to PDS/SHOA719L.xmi
2025-04-04 12:43:22.559323 - Received SBGOLOB.SHOA719.LOAD from SHOA719L.xmi 
2025-04-04 12:43:22.559751 - Found ISFINIT.bin (application/octet-stream) in SBGOLOB.SHOA719.LOAD, moved to SHOA719L/ISFINIT
2025-04-04 12:43:22.559812 - Found alias SHOAZOS to ISFINIT in SBGOLOB.SHOA719.LOAD, moved to PDS/SHOAZOS
2025-04-04 12:43:22.559853 - Found alias SHOWZOS to ISFINIT in SBGOLOB.SHOA719.LOAD, moved to PDS/SHOWZOS
2025-04-04 12:43:22.560282 - Found SHOB720L.xmi (application/xmit) in SBGOLOB.CBT509.FILE614, moved to PDS/SHOB720L.xmi
2025-04-04 12:43:22.582948 - Received SBGOLOB.SHOW720.LOAD from SHOB720L.xmi 
2025-04-04 12:43:22.583389 - Found ISFINIT.bin (application/octet-stream) in SBGOLOB.SHOW720.LOAD, moved to SHOB720L/ISFINIT
2025-04-04 12:43:22.583449 - Found alias SHOWZOS to ISFINIT in SBGOLOB.SHOW720.LOAD, moved to PDS/SHOWZOS
2025-04-04 12:43:22.584022 - Found SHOC720L.xmi (application/xmit) in SBGOLOB.CBT509.FILE614, moved to PDS/SHOC720L.xmi
2025-04-04 12:43:22.606652 - Received SBGOLOB.SHOW720C.LOAD from SHOC720L.xmi 
2025-04-04 12:43:22.607135 - Found ISFINIT.bin (application/octet-stream) in SBGOLOB.SHOW720C.LOAD, moved to SHOC720L/ISFINIT
2025-04-04 12:43:22.607210 - Found alias SHOWZOS to ISFINIT in SBGOLOB.SHOW720C.LOAD, moved to PDS/SHOWZOS
2025-04-04 12:43:22.607852 - Found SHOD721L.xmi (application/xmit) in SBGOLOB.CBT509.FILE614, moved to PDS/SHOD721L.xmi
2025-04-04 12:43:22.632051 - Received SBGOLOB.SHOW721.LOAD from SHOD721L.xmi 
2025-04-04 12:43:22.632553 - Found ISFINIT.bin (application/octet-stream) in SBGOLOB.SHOW721.LOAD, moved to SHOD721L/ISFINIT
2025-04-04 12:43:22.632621 - Found alias SHOWZOS to ISFINIT in SBGOLOB.SHOW721.LOAD, moved to PDS/SHOWZOS
2025-04-04 12:43:22.633027 - Found SHOD721M.xmi (application/xmit) in SBGOLOB.CBT509.FILE614, moved to PDS/SHOD721M.xmi
2025-04-04 12:43:22.655697 - Received SBGOLOB.SHOW721A.LOAD from SHOD721M.xmi 
2025-04-04 12:43:22.656130 - Found ISFINIT.bin (application/octet-stream) in SBGOLOB.SHOW721A.LOAD, moved to SHOD721M/ISFINIT
2025-04-04 12:43:22.656189 - Found alias SHOWZOS to ISFINIT in SBGOLOB.SHOW721A.LOAD, moved to PDS/SHOWZOS
2025-04-04 12:43:22.656947 - Found SHOE722L.xmi (application/xmit) in SBGOLOB.CBT509.FILE614, moved to PDS/SHOE722L.xmi
2025-04-04 12:43:22.679760 - Received SBGOLOB.SHOW722.LOAD from SHOE722L.xmi 
2025-04-04 12:43:22.680170 - Found ISFINIT.bin (application/octet-stream) in SBGOLOB.SHOW722.LOAD, moved to SHOE722L/ISFINIT
2025-04-04 12:43:22.680227 - Found alias SHOWZOS to ISFINIT in SBGOLOB.SHOW722.LOAD, moved to PDS/SHOWZOS
2025-04-04 12:43:22.680854 - Found SHOF722L.xmi (application/xmit) in SBGOLOB.CBT509.FILE614, moved to PDS/SHOF722L.xmi
2025-04-04 12:43:22.703639 - Received SBGOLOB.SHOW722.LOAD from SHOF722L.xmi 
2025-04-04 12:43:22.704173 - Found ISFINIT.bin (application/octet-stream) in SBGOLOB.SHOW722.LOAD, moved to SHOF722L/ISFINIT
2025-04-04 12:43:22.704230 - Found alias SHOWZOS to ISFINIT in SBGOLOB.SHOW722.LOAD, moved to PDS/SHOWZOS
2025-04-04 12:43:22.704874 - Found SHOF723L.xmi (application/xmit) in SBGOLOB.CBT509.FILE614, moved to PDS/SHOF723L.xmi
2025-04-04 12:43:22.728137 - Received SBGOLOB.SHOW723.LOAD from SHOF723L.xmi 
2025-04-04 12:43:22.728600 - Found ISFINIT.bin (application/octet-stream) in SBGOLOB.SHOW723.LOAD, moved to SHOF723L/ISFINIT
2025-04-04 12:43:22.728665 - Found alias SHOWZOS to ISFINIT in SBGOLOB.SHOW723.LOAD, moved to PDS/SHOWZOS
2025-04-04 12:43:22.729407 - Found SHOF723M.xmi (application/xmit) in SBGOLOB.CBT509.FILE614, moved to PDS/SHOF723M.xmi
2025-04-04 12:43:22.752413 - Received SBGOLOB.SHOW723.LOAD from SHOF723M.xmi 
2025-04-04 12:43:22.752856 - Found ISFINIT.bin (application/octet-stream) in SBGOLOB.SHOW723.LOAD, moved to SHOF723M/ISFINIT
2025-04-04 12:43:22.752917 - Found alias SHOWZOS to ISFINIT in SBGOLOB.SHOW723.LOAD, moved to PDS/SHOWZOS
2025-04-04 12:43:22.753310 - Found SHOG723L.xmi (application/xmit) in SBGOLOB.CBT509.FILE614, moved to PDS/SHOG723L.xmi
2025-04-04 12:43:22.776099 - Received SBGOLOB.SHOW723.LOAD from SHOG723L.xmi 
2025-04-04 12:43:22.776508 - Found ISFINIT.bin (application/octet-stream) in SBGOLOB.SHOW723.LOAD, moved to SHOG723L/ISFINIT
2025-04-04 12:43:22.776568 - Found alias SHOWZOS to ISFINIT in SBGOLOB.SHOW723.LOAD, moved to PDS/SHOWZOS
2025-04-04 12:43:22.777142 - Found SHOG723M.xmi (application/xmit) in SBGOLOB.CBT509.FILE614, moved to PDS/SHOG723M.xmi
2025-04-04 12:43:22.800127 - Received SBGOLOB.SHOW723.LOAD from SHOG723M.xmi 
2025-04-04 12:43:22.800543 - Found ISFINIT.bin (application/octet-stream) in SBGOLOB.SHOW723.LOAD, moved to SHOG723M/ISFINIT
2025-04-04 12:43:22.800599 - Found alias SHOWZOS to ISFINIT in SBGOLOB.SHOW723.LOAD, moved to PDS/SHOWZOS
2025-04-04 12:43:22.801118 - Found SHOH724L.xmi (application/xmit) in SBGOLOB.CBT509.FILE614, moved to PDS/SHOH724L.xmi
2025-04-04 12:43:22.825812 - Received SBGOLOB.SHOW724.LOAD from SHOH724L.xmi 
2025-04-04 12:43:22.826318 - Found ISFINIT.bin (application/octet-stream) in SBGOLOB.SHOW724.LOAD, moved to SHOH724L/ISFINIT
2025-04-04 12:43:22.826399 - Found alias SHOWZOS to ISFINIT in SBGOLOB.SHOW724.LOAD, moved to PDS/SHOWZOS
2025-04-04 12:43:22.827017 - Found SHOH725L.xmi (application/xmit) in SBGOLOB.CBT509.FILE614, moved to PDS/SHOH725L.xmi
2025-04-04 12:43:22.852658 - Received SBGOLOB.SHOW725.LOAD from SHOH725L.xmi 
2025-04-04 12:43:22.853168 - Found ISFINIT.bin (application/octet-stream) in SBGOLOB.SHOW725.LOAD, moved to SHOH725L/ISFINIT
2025-04-04 12:43:22.853269 - Found alias SHOWZOS to ISFINIT in SBGOLOB.SHOW725.LOAD, moved to PDS/SHOWZOS
2025-04-04 12:43:22.853688 - Found SHOH801L.xmi (application/xmit) in SBGOLOB.CBT509.FILE614, moved to PDS/SHOH801L.xmi
2025-04-04 12:43:22.879770 - Received SBGOLOB.SHOW801.LOAD from SHOH801L.xmi 
2025-04-04 12:43:22.880265 - Found ISFINIT.bin (application/octet-stream) in SBGOLOB.SHOW801.LOAD, moved to SHOH801L/ISFINIT
2025-04-04 12:43:22.880327 - Found alias SHOWZOS to ISFINIT in SBGOLOB.SHOW801.LOAD, moved to PDS/SHOWZOS
2025-04-04 12:43:22.880852 - Found SHOI801L.xmi (application/xmit) in SBGOLOB.CBT509.FILE614, moved to PDS/SHOI801L.xmi
2025-04-04 12:43:22.907539 - Received SBGOLOB.SHOW801.LOAD from SHOI801L.xmi 
2025-04-04 12:43:22.908035 - Found ISFINIT.bin (application/octet-stream) in SBGOLOB.SHOW801.LOAD, moved to SHOI801L/ISFINIT
2025-04-04 12:43:22.908102 - Found alias SHOWZOS to ISFINIT in SBGOLOB.SHOW801.LOAD, moved to PDS/SHOWZOS
2025-04-04 12:43:22.908694 - Found SHOI802L.xmi (application/xmit) in SBGOLOB.CBT509.FILE614, moved to PDS/SHOI802L.xmi
2025-04-04 12:43:22.936488 - Received SBGOLOB.SHOW802.LOAD from SHOI802L.xmi 
2025-04-04 12:43:22.937034 - Found ISFINIT.bin (application/octet-stream) in SBGOLOB.SHOW802.LOAD, moved to SHOI802L/ISFINIT
2025-04-04 12:43:22.937102 - Found alias SHOWZOS to ISFINIT in SBGOLOB.SHOW802.LOAD, moved to PDS/SHOWZOS
2025-04-04 12:43:22.937749 - Found SHOI803L.xmi (application/xmit) in SBGOLOB.CBT509.FILE614, moved to PDS/SHOI803L.xmi
2025-04-04 12:43:22.964428 - Received SBGOLOB.SHOW803.LOAD from SHOI803L.xmi 
2025-04-04 12:43:22.964906 - Found ISFINIT.bin (application/octet-stream) in SBGOLOB.SHOW803.LOAD, moved to SHOI803L/ISFINIT
2025-04-04 12:43:22.964967 - Found alias SHOW803 to ISFINIT in SBGOLOB.SHOW803.LOAD, moved to PDS/SHOW803
2025-04-04 12:43:22.965365 - Found SHOJ803L.xmi (application/xmit) in SBGOLOB.CBT509.FILE614, moved to PDS/SHOJ803L.xmi
2025-04-04 12:43:22.991715 - Received SBGOLOB.SHOW803.LOAD from SHOJ803L.xmi 
2025-04-04 12:43:22.992224 - Found ISFINIT.bin (application/octet-stream) in SBGOLOB.SHOW803.LOAD, moved to SHOJ803L/ISFINIT
2025-04-04 12:43:22.992284 - Found alias SHOWZOS to ISFINIT in SBGOLOB.SHOW803.LOAD, moved to PDS/SHOWZOS
2025-04-04 12:43:22.992337 - Found alias SHOW803 to ISFINIT in SBGOLOB.SHOW803.LOAD, moved to PDS/SHOW803
2025-04-04 12:43:22.992920 - Found SHOW630L.xmi (application/xmit) in SBGOLOB.CBT509.FILE614, moved to PDS/SHOW630L.xmi
2025-04-04 12:43:23.005125 - Received SBGOLOB.SHOW630.LOAD from SHOW630L.xmi 
2025-04-04 12:43:23.005504 - Found ISFINIT.bin (application/octet-stream) in SBGOLOB.SHOW630.LOAD, moved to SHOW630L/ISFINIT
2025-04-04 12:43:23.005563 - Found alias SHOW630 to ISFINIT in SBGOLOB.SHOW630.LOAD, moved to PDS/SHOW630
2025-04-04 12:43:23.005902 - Found SHOW709L.xmi (application/xmit) in SBGOLOB.CBT509.FILE614, moved to PDS/SHOW709L.xmi
2025-04-04 12:43:23.019883 - Received SBGOLOB.SHOW709.LOAD from SHOW709L.xmi 
2025-04-04 12:43:23.020322 - Found ISFINIT.bin (application/octet-stream) in SBGOLOB.SHOW709.LOAD, moved to SHOW709L/ISFINIT
2025-04-04 12:43:23.020378 - Found alias SHOWMVS to ISFINIT in SBGOLOB.SHOW709.LOAD, moved to PDS/SHOWMVS
2025-04-04 12:43:23.020419 - Found alias SHOW709 to ISFINIT in SBGOLOB.SHOW709.LOAD, moved to PDS/SHOW709
2025-04-04 12:43:23.020793 - Found SHOW710L.xmi (application/xmit) in SBGOLOB.CBT509.FILE614, moved to PDS/SHOW710L.xmi
2025-04-04 12:43:23.034279 - Received SBGOLOB.SHOW710M.LOAD from SHOW710L.xmi 
2025-04-04 12:43:23.034646 - Found ISFINIT.bin (application/octet-stream) in SBGOLOB.SHOW710M.LOAD, moved to SHOW710L/ISFINIT
2025-04-04 12:43:23.034705 - Found alias SHOWMVS to ISFINIT in SBGOLOB.SHOW710M.LOAD, moved to PDS/SHOWMVS
2025-04-04 12:43:23.035229 - Found SHOZ710L.xmi (application/xmit) in SBGOLOB.CBT509.FILE614, moved to PDS/SHOZ710L.xmi
2025-04-04 12:43:23.049925 - Received SBGOLOB.SHOW710Z.LOAD from SHOZ710L.xmi 
2025-04-04 12:43:23.050285 - Found ISFINIT.bin (application/octet-stream) in SBGOLOB.SHOW710Z.LOAD, moved to SHOZ710L/ISFINIT
2025-04-04 12:43:23.050341 - Found alias SHOWMVS to ISFINIT in SBGOLOB.SHOW710Z.LOAD, moved to PDS/SHOWMVS
2025-04-04 12:43:23.050661 - Found SHOZ711L.xmi (application/xmit) in SBGOLOB.CBT509.FILE614, moved to PDS/SHOZ711L.xmi
2025-04-04 12:43:23.066947 - Received SBGOLOB.SHOWZOS.LOAD from SHOZ711L.xmi 
2025-04-04 12:43:23.067420 - Found ISFINIT.bin (application/octet-stream) in SBGOLOB.SHOWZOS.LOAD, moved to SHOZ711L/ISFINIT
2025-04-04 12:43:23.067486 - Found alias SHOWZOS to ISFINIT in SBGOLOB.SHOWZOS.LOAD, moved to PDS/SHOWZOS
2025-04-04 12:43:23.067861 - Found SHOZ712L.xmi (application/xmit) in SBGOLOB.CBT509.FILE614, moved to PDS/SHOZ712L.xmi
2025-04-04 12:43:23.083970 - Received SBGOLOB.SHOWZOS.LOAD from SHOZ712L.xmi 
2025-04-04 12:43:23.084363 - Found ISFINIT.bin (application/octet-stream) in SBGOLOB.SHOWZOS.LOAD, moved to SHOZ712L/ISFINIT
2025-04-04 12:43:23.084418 - Found alias SHOWZOS to ISFINIT in SBGOLOB.SHOWZOS.LOAD, moved to PDS/SHOWZOS
2025-04-04 12:43:23.084947 - Found SHOZ713L.xmi (application/xmit) in SBGOLOB.CBT509.FILE614, moved to PDS/SHOZ713L.xmi
2025-04-04 12:43:23.101497 - Received SBGOLOB.SHOW713.LOAD from SHOZ713L.xmi 
2025-04-04 12:43:23.101900 - Found ISFINIT.bin (application/octet-stream) in SBGOLOB.SHOW713.LOAD, moved to SHOZ713L/ISFINIT
2025-04-04 12:43:23.101963 - Found alias SHOWZOS to ISFINIT in SBGOLOB.SHOW713.LOAD, moved to PDS/SHOWZOS
2025-04-04 12:43:23.102423 - Found SHOZ714L.xmi (application/xmit) in SBGOLOB.CBT509.FILE614, moved to PDS/SHOZ714L.xmi
2025-04-04 12:43:23.120303 - Received SBGOLOB.SHOW714.LOAD from SHOZ714L.xmi 
2025-04-04 12:43:23.120734 - Found ISFINIT.bin (application/octet-stream) in SBGOLOB.SHOW714.LOAD, moved to SHOZ714L/ISFINIT
2025-04-04 12:43:23.120791 - Found alias SHOWMVS to ISFINIT in SBGOLOB.SHOW714.LOAD, moved to PDS/SHOWMVS
2025-04-04 12:43:23.120833 - Found alias SHOWZOS to ISFINIT in SBGOLOB.SHOW714.LOAD, moved to PDS/SHOWZOS
2025-04-04 12:43:23.121385 - Found SHOZ715L.xmi (application/xmit) in SBGOLOB.CBT509.FILE614, moved to PDS/SHOZ715L.xmi
2025-04-04 12:43:23.142079 - Received SBGOLOB.SHOW715.LOAD from SHOZ715L.xmi 
2025-04-04 12:43:23.142501 - Found ISFINIT.bin (application/octet-stream) in SBGOLOB.SHOW715.LOAD, moved to SHOZ715L/ISFINIT
2025-04-04 12:43:23.142559 - Found alias SHOWZOS to ISFINIT in SBGOLOB.SHOW715.LOAD, moved to PDS/SHOWZOS
2025-04-04 12:43:23.143142 - Found SHOZ716L.xmi (application/xmit) in SBGOLOB.CBT509.FILE614, moved to PDS/SHOZ716L.xmi
2025-04-04 12:43:23.164638 - Received SBGOLOB.SHOW716.LOAD from SHOZ716L.xmi 
2025-04-04 12:43:23.165099 - Found ISFINIT.bin (application/octet-stream) in SBGOLOB.SHOW716.LOAD, moved to SHOZ716L/ISFINIT
2025-04-04 12:43:23.165160 - Found alias SHOWZOS to ISFINIT in SBGOLOB.SHOW716.LOAD, moved to PDS/SHOWZOS
2025-04-04 12:43:23.165562 - Found SHOZ717L.xmi (application/xmit) in SBGOLOB.CBT509.FILE614, moved to PDS/SHOZ717L.xmi
2025-04-04 12:43:23.186124 - Received SBGOLOB.SHOW717.LOAD from SHOZ717L.xmi 
2025-04-04 12:43:23.186546 - Found ISFINIT.bin (application/octet-stream) in SBGOLOB.SHOW717.LOAD, moved to SHOZ717L/ISFINIT
2025-04-04 12:43:23.186604 - Found alias SHOWZOS to ISFINIT in SBGOLOB.SHOW717.LOAD, moved to PDS/SHOWZOS
2025-04-04 12:43:23.187207 - Found SHOZ718L.xmi (application/xmit) in SBGOLOB.CBT509.FILE614, moved to PDS/SHOZ718L.xmi
2025-04-04 12:43:23.209237 - Received SBGOLOB.SHOW718.LOAD from SHOZ718L.xmi 
2025-04-04 12:43:23.209796 - Found ISFINIT.bin (application/octet-stream) in SBGOLOB.SHOW718.LOAD, moved to SHOZ718L/ISFINIT
2025-04-04 12:43:23.209857 - Found alias SHOWZOS to ISFINIT in SBGOLOB.SHOW718.LOAD, moved to PDS/SHOWZOS
2025-04-04 12:43:23.210543 - Found SHO8719L.xmi (application/xmit) in SBGOLOB.CBT509.FILE614, moved to PDS/SHO8719L.xmi
2025-04-04 12:43:23.232326 - Received SBGOLOB.SHO8719.LOAD from SHO8719L.xmi 
2025-04-04 12:43:23.232804 - Found ISFINIT.bin (application/octet-stream) in SBGOLOB.SHO8719.LOAD, moved to SHO8719L/ISFINIT
2025-04-04 12:43:23.232859 - Found alias SHOWZOS to ISFINIT in SBGOLOB.SHO8719.LOAD, moved to PDS/SHOWZOS
2025-04-04 12:43:23.233480 - Found SHO9716L.xmi (application/xmit) in SBGOLOB.CBT509.FILE614, moved to PDS/SHO9716L.xmi
2025-04-04 12:43:23.254772 - Received IBMUSER.SHOW716.LOAD from SHO9716L.xmi 
2025-04-04 12:43:23.255207 - Found ISFINIT.bin (application/octet-stream) in IBMUSER.SHOW716.LOAD, moved to SHO9716L/ISFINIT
2025-04-04 12:43:23.255265 - Found alias SHOWZOS to ISFINIT in IBMUSER.SHOW716.LOAD, moved to PDS/SHOWZOS
2025-04-04 12:43:23.255637 - Found SHO9717L.xmi (application/xmit) in SBGOLOB.CBT509.FILE614, moved to PDS/SHO9717L.xmi
2025-04-04 12:43:23.276270 - Received SBGOLOB.SHO9717.LOAD from SHO9717L.xmi 
2025-04-04 12:43:23.276673 - Found ISFINIT.bin (application/octet-stream) in SBGOLOB.SHO9717.LOAD, moved to SHO9717L/ISFINIT
2025-04-04 12:43:23.276733 - Found alias SHOWZOS to ISFINIT in SBGOLOB.SHO9717.LOAD, moved to PDS/SHOWZOS
2025-04-04 12:43:23.277401 - Found SHO9718L.xmi (application/xmit) in SBGOLOB.CBT509.FILE614, moved to PDS/SHO9718L.xmi
2025-04-04 12:43:23.299005 - Received SBGOLOB.SHO9718.LOAD from SHO9718L.xmi 
2025-04-04 12:43:23.299405 - Found ISFINIT.bin (application/octet-stream) in SBGOLOB.SHO9718.LOAD, moved to SHO9718L/ISFINIT
2025-04-04 12:43:23.299459 - Found alias SHO9ZOS to ISFINIT in SBGOLOB.SHO9718.LOAD, moved to PDS/SHO9ZOS
2025-04-04 12:43:23.299811 - Found SHO9719L.xmi (application/xmit) in SBGOLOB.CBT509.FILE614, moved to PDS/SHO9719L.xmi
2025-04-04 12:43:23.321303 - Received SBGOLOB.SHO9719.LOAD from SHO9719L.xmi 
2025-04-04 12:43:23.321722 - Found ISFINIT.bin (application/octet-stream) in SBGOLOB.SHO9719.LOAD, moved to SHO9719L/ISFINIT
2025-04-04 12:43:23.321777 - Found alias SHOWZOS to ISFINIT in SBGOLOB.SHO9719.LOAD, moved to PDS/SHOWZOS
